Determining if the pthread_create exist failed with the following output:
Change Dir: /home/nroman/Desktop/desktop-streamer-frontend/build/CMakeFiles/CMakeTmp

Run Build Command:"/usr/bin/make" "cmTC_6eecb/fast"
/usr/bin/make -f CMakeFiles/cmTC_6eecb.dir/build.make CMakeFiles/cmTC_6eecb.dir/build
make[1]: Entering directory '/home/nroman/Desktop/desktop-streamer-frontend/build/CMakeFiles/CMakeTmp'
Building C object CMakeFiles/cmTC_6eecb.dir/CheckSymbolExists.c.o
/usr/bin/cc    -o CMakeFiles/cmTC_6eecb.dir/CheckSymbolExists.c.o   -c /home/nroman/Desktop/desktop-streamer-frontend/build/CMakeFiles/CMakeTmp/CheckSymbolExists.c
Linking C executable cmTC_6eecb
/usr/local/bin/cmake -E cmake_link_script CMakeFiles/cmTC_6eecb.dir/link.txt --verbose=1
/usr/bin/cc      CMakeFiles/cmTC_6eecb.dir/CheckSymbolExists.c.o  -o cmTC_6eecb 
CMakeFiles/cmTC_6eecb.dir/CheckSymbolExists.c.o: In function `main':
CheckSymbolExists.c:(.text+0x16): undefined reference to `pthread_create'
collect2: error: ld returned 1 exit status
CMakeFiles/cmTC_6eecb.dir/build.make:86: recipe for target 'cmTC_6eecb' failed
make[1]: *** [cmTC_6eecb] Error 1
make[1]: Leaving directory '/home/nroman/Desktop/desktop-streamer-frontend/build/CMakeFiles/CMakeTmp'
Makefile:121: recipe for target 'cmTC_6eecb/fast' failed
make: *** [cmTC_6eecb/fast] Error 2

File /home/nroman/Desktop/desktop-streamer-frontend/build/CMakeFiles/CMakeTmp/CheckSymbolExists.c:
/* */
#include <pthread.h>

int main(int argc, char** argv)
{
  (void)argv;
#ifndef pthread_create
  return ((int*)(&pthread_create))[argc];
#else
  (void)argc;
  return 0;
#endif
}

Determining if the function pthread_create exists in the pthreads failed with the following output:
Change Dir: /home/nroman/Desktop/desktop-streamer-frontend/build/CMakeFiles/CMakeTmp

Run Build Command:"/usr/bin/make" "cmTC_445a1/fast"
/usr/bin/make -f CMakeFiles/cmTC_445a1.dir/build.make CMakeFiles/cmTC_445a1.dir/build
make[1]: Entering directory '/home/nroman/Desktop/desktop-streamer-frontend/build/CMakeFiles/CMakeTmp'
Building C object CMakeFiles/cmTC_445a1.dir/CheckFunctionExists.c.o
/usr/bin/cc   -DCHECK_FUNCTION_EXISTS=pthread_create   -o CMakeFiles/cmTC_445a1.dir/CheckFunctionExists.c.o   -c /usr/local/share/cmake-3.12/Modules/CheckFunctionExists.c
Linking C executable cmTC_445a1
/usr/local/bin/cmake -E cmake_link_script CMakeFiles/cmTC_445a1.dir/link.txt --verbose=1
/usr/bin/cc  -DCHECK_FUNCTION_EXISTS=pthread_create    CMakeFiles/cmTC_445a1.dir/CheckFunctionExists.c.o  -o cmTC_445a1 -lpthreads 
/usr/bin/ld: cannot find -lpthreads
collect2: error: ld returned 1 exit status
CMakeFiles/cmTC_445a1.dir/build.make:86: recipe for target 'cmTC_445a1' failed
make[1]: *** [cmTC_445a1] Error 1
make[1]: Leaving directory '/home/nroman/Desktop/desktop-streamer-frontend/build/CMakeFiles/CMakeTmp'
Makefile:121: recipe for target 'cmTC_445a1/fast' failed
make: *** [cmTC_445a1/fast] Error 2


